<?xml version="1.0" encoding="UTF-8"?>
<!-- Generated by org.testng.reporters.JUnitReportReporter -->
<testsuite skipped="0" hostname="LAPTOP-8V5DPHDS" name="Utils.ExcelDataProvider" tests="4" failures="0" timestamp="03 Jun 2020 05:12:09 GMT" time="21.238" errors="0">
  <testcase name="Test1" time="8.928" classname="Utils.ExcelDataProvider"/>
  <testcase name="Test1" time="4.300" classname="Utils.ExcelDataProvider"/>
  <testcase name="Test1" time="4.731" classname="Utils.ExcelDataProvider"/>
  <testcase name="Test1" time="3.279" classname="Utils.ExcelDataProvider"/>
</testsuite> <!-- Utils.ExcelDataProvider -->
