<?xml version="1.0" encoding="UTF-8"?>
<!-- Generated by org.testng.reporters.JUnitReportReporter -->
<testsuite skipped="0" hostname="LAPTOP-8V5DPHDS" name="PKG1.TestNG_Demo" tests="1" failures="0" timestamp="04 May 2020 11:24:09 GMT" time="9.798" errors="0">
  <testcase name="GoogleSearch" time="9.798" classname="PKG1.TestNG_Demo"/>
</testsuite> <!-- PKG1.TestNG_Demo -->
