<?xml version="1.0" encoding="UTF-8"?>
<!-- Generated by org.testng.reporters.JUnitReportReporter -->
<testsuite skipped="1" hostname="LAPTOP-8V5DPHDS" name="listeners.TestNGListenerDemo2" tests="3" failures="0" timestamp="27 Aug 2020 18:32:09 GMT" time="0.007" errors="0">
  <testcase name="test4" time="0.003" classname="listeners.TestNGListenerDemo2"/>
  <testcase name="test6" time="0.002" classname="listeners.TestNGListenerDemo2">
    <skipped/>
  </testcase> <!-- test6 -->
  <testcase name="test5" time="0.002" classname="listeners.TestNGListenerDemo2"/>
</testsuite> <!-- listeners.TestNGListenerDemo2 -->
